2024-08-20 20:21:31,964 - INFO - Attempting to start npm (Attempt 1 of 3)
2024-08-20 20:21:31,977 - INFO - npm started successfully.
2024-08-20 20:21:32,950 - INFO - Web page load started.
2024-08-20 20:21:34,465 - INFO - Web page loaded successfully.
2024-08-20 21:36:23,081 - INFO - Attempting to start npm (Attempt 1 of 3)
2024-08-20 21:36:23,095 - INFO - npm started successfully.
2024-08-20 21:36:24,184 - INFO - Web page load started.
2024-08-20 21:36:29,378 - ERROR - Failed to load web page. Loading fallback page.
2024-08-20 21:36:29,379 - INFO - Web page load started.
2024-08-20 21:36:29,404 - INFO - Web page loaded successfully.
2024-08-20 21:38:07,107 - INFO - Attempting to start npm (Attempt 1 of 3)
2024-08-20 21:38:07,121 - INFO - npm started successfully.
2024-08-20 21:38:08,260 - INFO - Web page load started.
2024-08-20 21:38:13,390 - ERROR - Failed to load web page. Loading fallback page.
2024-08-20 21:38:13,391 - INFO - Web page load started.
2024-08-20 21:38:13,410 - INFO - Web page loaded successfully.
2024-08-20 21:38:28,614 - INFO - Attempting to start npm (Attempt 1 of 3)
2024-08-20 21:38:28,630 - INFO - npm started successfully.
2024-08-20 21:38:29,577 - INFO - Web page load started.
2024-08-20 21:38:34,766 - ERROR - Failed to load web page. Loading fallback page.
2024-08-20 21:38:34,767 - INFO - Web page load started.
2024-08-20 21:38:34,793 - INFO - Web page loaded successfully.
2024-08-20 21:39:04,479 - INFO - Attempting to start npm (Attempt 1 of 3)
2024-08-20 21:39:04,492 - INFO - npm started successfully.
2024-08-20 21:39:05,460 - INFO - Web page load started.
2024-08-20 21:39:15,192 - INFO - Web page loaded successfully.
